2026-01-16 17:55:53 | INFO | __main__ | Physician Notetaker application started
2026-01-16 17:56:05 | INFO | __main__ | Physician Notetaker application started
2026-01-16 18:22:28 | INFO | __main__ | Physician Notetaker application started
2026-01-16 18:22:39 | INFO | __main__ | Physician Notetaker application started
2026-01-16 18:23:07 | INFO | __main__ | Rendering main dashboard
2026-01-16 18:24:02 | INFO | __main__ | Patient message stored and validated
2026-01-16 18:24:02 | INFO | __main__ | Physician reply generated
2026-01-16 18:24:03 | INFO | __main__ | NLP pipeline executed successfully
2026-01-16 18:24:03 | INFO | __main__ | NLP outputs validated successfully
2026-01-16 18:24:03 | INFO | __main__ | Conversation and NLP outputs saved
2026-01-16 18:24:29 | INFO | __main__ | Patient message stored and validated
2026-01-16 18:24:29 | INFO | __main__ | Physician reply generated
2026-01-16 18:24:29 | INFO | __main__ | NLP pipeline executed successfully
2026-01-16 18:24:29 | INFO | __main__ | NLP outputs validated successfully
2026-01-16 18:24:29 | INFO | __main__ | Conversation and NLP outputs saved
2026-01-16 18:24:51 | INFO | __main__ | Patient message stored and validated
2026-01-16 18:24:51 | INFO | __main__ | Physician reply generated
2026-01-16 18:24:51 | INFO | __main__ | NLP pipeline executed successfully
2026-01-16 18:24:51 | INFO | __main__ | NLP outputs validated successfully
2026-01-16 18:24:51 | INFO | __main__ | Conversation and NLP outputs saved
2026-01-16 18:25:32 | INFO | __main__ | Patient message stored and validated
2026-01-16 18:25:32 | INFO | __main__ | Physician reply generated
2026-01-16 18:25:33 | INFO | __main__ | NLP pipeline executed successfully
2026-01-16 18:25:33 | INFO | __main__ | NLP outputs validated successfully
2026-01-16 18:25:33 | INFO | __main__ | Conversation and NLP outputs saved
2026-01-16 18:25:43 | INFO | __main__ | Patient message stored and validated
2026-01-16 18:25:43 | INFO | __main__ | Physician reply generated
2026-01-16 18:25:43 | INFO | __main__ | NLP pipeline executed successfully
2026-01-16 18:25:43 | INFO | __main__ | NLP outputs validated successfully
2026-01-16 18:25:43 | INFO | __main__ | Conversation and NLP outputs saved
2026-01-16 18:26:13 | INFO | __main__ | Patient message stored and validated
2026-01-16 18:26:13 | INFO | __main__ | Physician reply generated
2026-01-16 18:26:13 | INFO | __main__ | NLP pipeline executed successfully
2026-01-16 18:26:13 | INFO | __main__ | NLP outputs validated successfully
2026-01-16 18:26:13 | INFO | __main__ | Conversation and NLP outputs saved
2026-01-16 18:26:36 | INFO | __main__ | Patient message stored and validated
2026-01-16 18:26:36 | INFO | __main__ | Physician reply generated
2026-01-16 18:26:36 | INFO | __main__ | NLP pipeline executed successfully
2026-01-16 18:26:36 | INFO | __main__ | NLP outputs validated successfully
2026-01-16 18:26:36 | INFO | __main__ | Conversation and NLP outputs saved
2026-01-16 18:27:09 | INFO | __main__ | Patient message stored and validated
2026-01-16 18:27:09 | INFO | __main__ | Physician reply generated
2026-01-16 18:27:09 | INFO | __main__ | NLP pipeline executed successfully
2026-01-16 18:27:09 | INFO | __main__ | NLP outputs validated successfully
2026-01-16 18:27:09 | INFO | __main__ | Conversation and NLP outputs saved
2026-01-16 18:27:19 | INFO | __main__ | Patient message stored and validated
2026-01-16 18:27:19 | INFO | __main__ | Physician reply generated
2026-01-16 18:27:19 | INFO | __main__ | NLP pipeline executed successfully
2026-01-16 18:27:19 | INFO | __main__ | NLP outputs validated successfully
2026-01-16 18:27:19 | INFO | __main__ | Conversation and NLP outputs saved
2026-01-16 18:28:06 | INFO | __main__ | Patient message stored and validated
2026-01-16 18:28:06 | INFO | __main__ | Physician reply generated
2026-01-16 18:28:07 | INFO | __main__ | NLP pipeline executed successfully
2026-01-16 18:28:07 | INFO | __main__ | NLP outputs validated successfully
2026-01-16 18:28:07 | INFO | __main__ | Conversation and NLP outputs saved
2026-01-16 18:28:35 | INFO | __main__ | Patient message stored and validated
2026-01-16 18:28:35 | INFO | __main__ | Physician reply generated
2026-01-16 18:28:36 | INFO | __main__ | NLP pipeline executed successfully
2026-01-16 18:28:36 | INFO | __main__ | NLP outputs validated successfully
2026-01-16 18:28:36 | INFO | __main__ | Conversation and NLP outputs saved
2026-01-16 18:48:06 | INFO | __main__ | Physician Notetaker application started
2026-01-16 18:48:18 | INFO | __main__ | Physician Notetaker application started
2026-01-16 18:48:25 | INFO | __main__ | Rendering main dashboard
2026-01-16 18:49:28 | INFO | __main__ | Patient message stored and validated
2026-01-16 18:49:28 | INFO | __main__ | Physician reply generated
2026-01-16 18:49:29 | INFO | __main__ | NLP pipeline executed successfully
2026-01-16 18:49:29 | INFO | __main__ | NLP outputs validated successfully
2026-01-16 18:49:29 | INFO | __main__ | Conversation and NLP outputs saved
2026-01-16 18:50:31 | INFO | __main__ | Patient message stored and validated
2026-01-16 18:50:31 | INFO | __main__ | Physician reply generated
2026-01-16 18:50:31 | INFO | __main__ | NLP pipeline executed successfully
2026-01-16 18:50:31 | INFO | __main__ | NLP outputs validated successfully
2026-01-16 18:50:31 | INFO | __main__ | Conversation and NLP outputs saved
2026-01-16 19:00:01 | INFO | __main__ | Physician Notetaker application started
2026-01-16 19:00:13 | INFO | __main__ | Physician Notetaker application started
2026-01-16 19:00:35 | INFO | __main__ | Rendering main dashboard
2026-01-16 19:01:36 | INFO | __main__ | Patient message stored and validated
2026-01-16 19:01:36 | INFO | __main__ | Physician reply generated
2026-01-16 19:01:37 | INFO | __main__ | NLP pipeline executed successfully
2026-01-16 19:01:37 | INFO | __main__ | NLP outputs validated successfully
2026-01-16 19:01:37 | INFO | __main__ | Conversation and NLP outputs saved
2026-01-16 19:02:18 | INFO | __main__ | Patient message stored and validated
2026-01-16 19:02:18 | INFO | __main__ | Physician reply generated
2026-01-16 19:02:19 | INFO | __main__ | NLP pipeline executed successfully
2026-01-16 19:02:19 | INFO | __main__ | NLP outputs validated successfully
2026-01-16 19:02:19 | INFO | __main__ | Conversation and NLP outputs saved
2026-01-16 19:02:38 | INFO | __main__ | Rendering main dashboard
